[debug] [2023-09-18T16:08:55.604Z] ----------------------------------------------------------------------
[debug] [2023-09-18T16:08:55.605Z] Command:       /home/wesley/.nvm/versions/node/v16.15.1/bin/node /home/wesley/.nvm/versions/node/v16.15.1/bin/firebase emulators:start --only functions
[debug] [2023-09-18T16:08:55.606Z] CLI Version:   11.29.1
[debug] [2023-09-18T16:08:55.606Z] Platform:      linux
[debug] [2023-09-18T16:08:55.606Z] Node Version:  v16.15.1
[debug] [2023-09-18T16:08:55.606Z] Time:          Mon Sep 18 2023 10:08:55 GMT-0600 (Mountain Daylight Time)
[debug] [2023-09-18T16:08:55.606Z] ----------------------------------------------------------------------
[debug] 
[debug] [2023-09-18T16:08:55.661Z] > command requires scopes: ["email","openid","https://www.googleapis.com/auth/cloudplatformprojects.readonly","https://www.googleapis.com/auth/firebase","https://www.googleapis.com/auth/cloud-platform"]
[debug] [2023-09-18T16:08:55.661Z] > authorizing via signed-in user (westheedwards@gmail.com)
[info] i  emulators: Starting emulators: functions {"metadata":{"emulator":{"name":"hub"},"message":"Starting emulators: functions"}}
[debug] [2023-09-18T16:08:55.665Z] [logging] Logging Emulator only supports listening on one address (127.0.0.1). Not listening on ::1
[debug] [2023-09-18T16:08:55.665Z] assigned listening specs for emulators {"user":{"hub":[{"address":"127.0.0.1","family":"IPv4","port":4400},{"address":"::1","family":"IPv6","port":4400}],"ui":[{"address":"127.0.0.1","family":"IPv4","port":4000},{"address":"::1","family":"IPv6","port":4000}],"logging":[{"address":"127.0.0.1","family":"IPv4","port":4500}]},"metadata":{"message":"assigned listening specs for emulators"}}
[debug] [2023-09-18T16:08:55.670Z] [hub] writing locator at /tmp/hub-server-project-3a101.json
[debug] [2023-09-18T16:08:55.675Z] [functions] Functions Emulator only supports listening on one address (127.0.0.1). Not listening on ::1
[debug] [2023-09-18T16:08:55.676Z] [eventarc] Eventarc Emulator only supports listening on one address (127.0.0.1). Not listening on ::1
[debug] [2023-09-18T16:08:55.676Z] late-assigned ports for functions and eventarc emulators {"user":{"hub":[{"address":"127.0.0.1","family":"IPv4","port":4400},{"address":"::1","family":"IPv6","port":4400}],"ui":[{"address":"127.0.0.1","family":"IPv4","port":4000},{"address":"::1","family":"IPv6","port":4000}],"logging":[{"address":"127.0.0.1","family":"IPv4","port":4500}],"functions":[{"address":"127.0.0.1","family":"IPv4","port":5001}],"eventarc":[{"address":"127.0.0.1","family":"IPv4","port":9299}]},"metadata":{"message":"late-assigned ports for functions and eventarc emulators"}}
[warn] ⚠  functions: The following emulators are not running, calls to these services from the Functions emulator will affect production: auth, firestore, database, hosting, pubsub, storage {"metadata":{"emulator":{"name":"functions"},"message":"The following emulators are not running, calls to these services from the Functions emulator will affect production: \u001b[1mauth, firestore, database, hosting, pubsub, storage\u001b[22m"}}
[debug] [2023-09-18T16:08:55.679Z] defaultcredentials: writing to file /home/wesley/.config/firebase/westheedwards_gmail_com_application_default_credentials.json
[debug] [2023-09-18T16:08:55.682Z] Setting GAC to /home/wesley/.config/firebase/westheedwards_gmail_com_application_default_credentials.json {"metadata":{"emulator":{"name":"functions"},"message":"Setting GAC to /home/wesley/.config/firebase/westheedwards_gmail_com_application_default_credentials.json"}}
[debug] [2023-09-18T16:08:55.685Z] >>> [apiv2][query] GET https://firebase.googleapis.com/v1beta1/projects/server-project-3a101/adminSdkConfig [none]
[debug] [2023-09-18T16:08:56.032Z] <<< [apiv2][status] GET https://firebase.googleapis.com/v1beta1/projects/server-project-3a101/adminSdkConfig 200
[debug] [2023-09-18T16:08:56.032Z] <<< [apiv2][body] GET https://firebase.googleapis.com/v1beta1/projects/server-project-3a101/adminSdkConfig {"projectId":"server-project-3a101","storageBucket":"server-project-3a101.appspot.com"}
[debug] [2023-09-18T16:08:56.053Z] Ignoring unsupported arg: auto_download {"metadata":{"emulator":{"name":"ui"},"message":"Ignoring unsupported arg: auto_download"}}
[debug] [2023-09-18T16:08:56.054Z] Ignoring unsupported arg: port {"metadata":{"emulator":{"name":"ui"},"message":"Ignoring unsupported arg: port"}}
[debug] [2023-09-18T16:08:56.054Z] Starting Emulator UI with command {"binary":"node","args":["/home/wesley/.cache/firebase/emulators/ui-v1.11.5/server/server.js"],"optionalArgs":[],"joinArgs":false} {"metadata":{"emulator":{"name":"ui"},"message":"Starting Emulator UI with command {\"binary\":\"node\",\"args\":[\"/home/wesley/.cache/firebase/emulators/ui-v1.11.5/server/server.js\"],\"optionalArgs\":[],\"joinArgs\":false}"}}
[info] i  ui: Emulator UI logging to ui-debug.log {"metadata":{"emulator":{"name":"ui"},"message":"Emulator UI logging to \u001b[1mui-debug.log\u001b[22m"}}
[debug] [2023-09-18T16:08:56.133Z] Web / API server started at 127.0.0.1:4000
 {"metadata":{"emulator":{"name":"ui"},"message":"Web / API server started at 127.0.0.1:4000\n"}}
[debug] [2023-09-18T16:08:56.134Z] Web / API server started at ::1:4000
 {"metadata":{"emulator":{"name":"ui"},"message":"Web / API server started at ::1:4000\n"}}
[info] i  functions: Watching "/home/wesley/school/past-school/webDev/reptile-tracker/backend/functions" for Cloud Functions... {"metadata":{"emulator":{"name":"functions"},"message":"Watching \"/home/wesley/school/past-school/webDev/reptile-tracker/backend/functions\" for Cloud Functions..."}}
[debug] [2023-09-18T16:08:56.330Z] Validating nodejs source
[debug] [2023-09-18T16:08:56.713Z] > [functions] package.json contents: {
  "name": "functions",
  "scripts": {
    "build": "tsc",
    "build:watch": "tsc --watch",
    "serve": "npm run build && firebase emulators:start --only functions",
    "shell": "npm run build && firebase functions:shell",
    "start": "npm run shell",
    "deploy": "firebase deploy --only functions",
    "logs": "firebase functions:log"
  },
  "engines": {
    "node": "16"
  },
  "main": "lib/index.js",
  "dependencies": {
    "@prisma/client": "^5.3.1",
    "@types/bcrypt": "^5.0.0",
    "@types/cookie-parser": "^1.4.4",
    "bcrypt": "^5.1.1",
    "cookie-parser": "^1.4.6",
    "dotenv": "^16.3.1",
    "express": "^4.18.2",
    "firebase-admin": "^11.5.0",
    "firebase-functions": "^4.2.0",
    "mongodb": "^6.1.0"
  },
  "devDependencies": {
    "@types/express": "^4.17.16",
    "firebase-functions-test": "^3.0.0",
    "typescript": "^4.9.0"
  },
  "private": true
}
[debug] [2023-09-18T16:08:56.713Z] Building nodejs source
[debug] [2023-09-18T16:08:56.713Z] Failed to find version of module node: reached end of search path /home/wesley/school/past-school/webDev/reptile-tracker/backend/functions/node_modules
[info] ✔  functions: Using node@16 from host. 
[info] i  functions: Loaded environment variables from .env. 
[debug] [2023-09-18T16:08:56.717Z] Could not find functions.yaml. Must use http discovery
[debug] [2023-09-18T16:08:56.720Z] Found firebase-functions binary at '/home/wesley/school/past-school/webDev/reptile-tracker/backend/functions/node_modules/.bin/firebase-functions'
[debug] [2023-09-18T16:08:56.819Z] Serving at port 8336

[debug] [2023-09-18T16:08:57.029Z] Got response from /__/functions.yaml {"endpoints":{"helloWorld":{"platform":"gcfv1","availableMemoryMb":null,"timeoutSeconds":null,"minInstances":null,"maxInstances":null,"ingressSettings":null,"serviceAccountEmail":null,"vpc":null,"httpsTrigger":{},"entryPoint":"helloWorld"}},"specVersion":"v1alpha1","requiredAPIs":[]}
[debug] [2023-09-18T16:08:57.034Z] shutdown requested via /__/quitquitquit

[info] ✔  functions: Loaded functions definitions from source: helloWorld. {"metadata":{"emulator":{"name":"functions"},"message":"Loaded functions definitions from source: helloWorld."}}
[info] ✔  functions[us-central1-helloWorld]: http function initialized (http://127.0.0.1:5001/server-project-3a101/us-central1/helloWorld). {"metadata":{"emulator":{"name":"functions"},"message":"\u001b[1mhttp\u001b[22m function initialized (http://127.0.0.1:5001/server-project-3a101/us-central1/helloWorld)."}}
[info] 
┌─────────────────────────────────────────────────────────────┐
│ ✔  All emulators ready! It is now safe to connect your app. │
│ i  View Emulator UI at http://127.0.0.1:4000/               │
└─────────────────────────────────────────────────────────────┘

┌───────────┬────────────────┬─────────────────────────────────┐
│ Emulator  │ Host:Port      │ View in Emulator UI             │
├───────────┼────────────────┼─────────────────────────────────┤
│ Functions │ 127.0.0.1:5001 │ http://127.0.0.1:4000/functions │
└───────────┴────────────────┴─────────────────────────────────┘
  Emulator Hub running at 127.0.0.1:4400
  Other reserved ports: 4500

Issues? Report them at https://github.com/firebase/firebase-tools/issues and attach the *-debug.log files.
 
[debug] [2023-09-18T16:08:59.965Z] [work-queue] {"queuedWork":["/server-project-3a101/us-central1/helloWorld-2023-09-18T16:08:59.965Z"],"queueLength":1,"runningWork":[],"workRunningCount":0}
[debug] [2023-09-18T16:08:59.965Z] [work-queue] {"queuedWork":[],"queueLength":0,"runningWork":["/server-project-3a101/us-central1/helloWorld-2023-09-18T16:08:59.965Z"],"workRunningCount":1}
[debug] [2023-09-18T16:08:59.966Z] Accepted request GET /server-project-3a101/us-central1/helloWorld --> us-central1-helloWorld
[debug] [2023-09-18T16:08:59.970Z] [functions] Runtime ready! Sending request! {"metadata":{"emulator":{"name":"functions"},"message":"[functions] Runtime ready! Sending request!"}}
[debug] [2023-09-18T16:08:59.971Z] [functions] Got req.url=/server-project-3a101/us-central1/helloWorld, mapping to path=/ {"metadata":{"emulator":{"name":"functions"},"message":"[functions] Got req.url=/server-project-3a101/us-central1/helloWorld, mapping to path=/"}}
[info] i  functions: Loaded environment variables from .env. 
[debug] [2023-09-18T16:08:59.982Z] [worker-pool] addWorker(us-central1-helloWorld) {"metadata":{"emulator":{"name":"functions"},"message":"[worker-pool] addWorker(us-central1-helloWorld)"}}
[debug] [2023-09-18T16:08:59.983Z] [worker-pool] Adding worker with key us-central1-helloWorld, total=1 {"metadata":{"emulator":{"name":"functions"},"message":"[worker-pool] Adding worker with key us-central1-helloWorld, total=1"}}
[debug] [2023-09-18T16:09:00.485Z] [runtime-status] [280106] Resolved module firebase-admin {"declared":true,"installed":true,"version":"11.10.1","resolution":"/home/wesley/school/past-school/webDev/reptile-tracker/backend/functions/node_modules/firebase-admin/lib/index.js"} {"metadata":{"emulator":{"name":"functions"},"function":{"name":"us-central1-helloWorld"},"extension":{},"message":"[runtime-status] [280106] Resolved module firebase-admin {\"declared\":true,\"installed\":true,\"version\":\"11.10.1\",\"resolution\":\"/home/wesley/school/past-school/webDev/reptile-tracker/backend/functions/node_modules/firebase-admin/lib/index.js\"}"}}
[debug] [2023-09-18T16:09:00.486Z] [runtime-status] [280106] Resolved module firebase-functions {"declared":true,"installed":true,"version":"4.4.1","resolution":"/home/wesley/school/past-school/webDev/reptile-tracker/backend/functions/node_modules/firebase-functions/lib/v1/index.js"} {"metadata":{"emulator":{"name":"functions"},"function":{"name":"us-central1-helloWorld"},"extension":{},"message":"[runtime-status] [280106] Resolved module firebase-functions {\"declared\":true,\"installed\":true,\"version\":\"4.4.1\",\"resolution\":\"/home/wesley/school/past-school/webDev/reptile-tracker/backend/functions/node_modules/firebase-functions/lib/v1/index.js\"}"}}
[debug] [2023-09-18T16:09:00.488Z] [runtime-status] [280106] Outgoing network have been stubbed. [{"name":"http","status":"mocked"},{"name":"http","status":"mocked"},{"name":"https","status":"mocked"},{"name":"https","status":"mocked"},{"name":"net","status":"mocked"}] {"metadata":{"emulator":{"name":"functions"},"function":{"name":"us-central1-helloWorld"},"extension":{},"message":"[runtime-status] [280106] Outgoing network have been stubbed. [{\"name\":\"http\",\"status\":\"mocked\"},{\"name\":\"http\",\"status\":\"mocked\"},{\"name\":\"https\",\"status\":\"mocked\"},{\"name\":\"https\",\"status\":\"mocked\"},{\"name\":\"net\",\"status\":\"mocked\"}]"}}
[debug] [2023-09-18T16:09:00.488Z] [runtime-status] [280106] Resolved module firebase-functions {"declared":true,"installed":true,"version":"4.4.1","resolution":"/home/wesley/school/past-school/webDev/reptile-tracker/backend/functions/node_modules/firebase-functions/lib/v1/index.js"} {"metadata":{"emulator":{"name":"functions"},"function":{"name":"us-central1-helloWorld"},"extension":{},"message":"[runtime-status] [280106] Resolved module firebase-functions {\"declared\":true,\"installed\":true,\"version\":\"4.4.1\",\"resolution\":\"/home/wesley/school/past-school/webDev/reptile-tracker/backend/functions/node_modules/firebase-functions/lib/v1/index.js\"}"}}
[debug] [2023-09-18T16:09:00.576Z] [runtime-status] [280106] Checked functions.config() {"config":{}} {"metadata":{"emulator":{"name":"functions"},"function":{"name":"us-central1-helloWorld"},"extension":{},"message":"[runtime-status] [280106] Checked functions.config() {\"config\":{}}"}}
[debug] [2023-09-18T16:09:00.577Z] [runtime-status] [280106] firebase-functions has been stubbed. {"functionsResolution":{"declared":true,"installed":true,"version":"4.4.1","resolution":"/home/wesley/school/past-school/webDev/reptile-tracker/backend/functions/node_modules/firebase-functions/lib/v1/index.js"}} {"metadata":{"emulator":{"name":"functions"},"function":{"name":"us-central1-helloWorld"},"extension":{},"message":"[runtime-status] [280106] firebase-functions has been stubbed. {\"functionsResolution\":{\"declared\":true,\"installed\":true,\"version\":\"4.4.1\",\"resolution\":\"/home/wesley/school/past-school/webDev/reptile-tracker/backend/functions/node_modules/firebase-functions/lib/v1/index.js\"}}"}}
[debug] [2023-09-18T16:09:00.577Z] [runtime-status] [280106] Resolved module firebase-functions {"declared":true,"installed":true,"version":"4.4.1","resolution":"/home/wesley/school/past-school/webDev/reptile-tracker/backend/functions/node_modules/firebase-functions/lib/v1/index.js"} {"metadata":{"emulator":{"name":"functions"},"function":{"name":"us-central1-helloWorld"},"extension":{},"message":"[runtime-status] [280106] Resolved module firebase-functions {\"declared\":true,\"installed\":true,\"version\":\"4.4.1\",\"resolution\":\"/home/wesley/school/past-school/webDev/reptile-tracker/backend/functions/node_modules/firebase-functions/lib/v1/index.js\"}"}}
[debug] [2023-09-18T16:09:00.578Z] [runtime-status] [280106] Resolved module firebase-admin {"declared":true,"installed":true,"version":"11.10.1","resolution":"/home/wesley/school/past-school/webDev/reptile-tracker/backend/functions/node_modules/firebase-admin/lib/index.js"} {"metadata":{"emulator":{"name":"functions"},"function":{"name":"us-central1-helloWorld"},"extension":{},"message":"[runtime-status] [280106] Resolved module firebase-admin {\"declared\":true,\"installed\":true,\"version\":\"11.10.1\",\"resolution\":\"/home/wesley/school/past-school/webDev/reptile-tracker/backend/functions/node_modules/firebase-admin/lib/index.js\"}"}}
[debug] [2023-09-18T16:09:00.578Z] [runtime-status] [280106] Resolved module firebase-functions {"declared":true,"installed":true,"version":"4.4.1","resolution":"/home/wesley/school/past-school/webDev/reptile-tracker/backend/functions/node_modules/firebase-functions/lib/v1/index.js"} {"metadata":{"emulator":{"name":"functions"},"function":{"name":"us-central1-helloWorld"},"extension":{},"message":"[runtime-status] [280106] Resolved module firebase-functions {\"declared\":true,\"installed\":true,\"version\":\"4.4.1\",\"resolution\":\"/home/wesley/school/past-school/webDev/reptile-tracker/backend/functions/node_modules/firebase-functions/lib/v1/index.js\"}"}}
[debug] [2023-09-18T16:09:00.578Z] [runtime-status] [280106] firebase-admin has been stubbed. {"adminResolution":{"declared":true,"installed":true,"version":"11.10.1","resolution":"/home/wesley/school/past-school/webDev/reptile-tracker/backend/functions/node_modules/firebase-admin/lib/index.js"}} {"metadata":{"emulator":{"name":"functions"},"function":{"name":"us-central1-helloWorld"},"extension":{},"message":"[runtime-status] [280106] firebase-admin has been stubbed. {\"adminResolution\":{\"declared\":true,\"installed\":true,\"version\":\"11.10.1\",\"resolution\":\"/home/wesley/school/past-school/webDev/reptile-tracker/backend/functions/node_modules/firebase-admin/lib/index.js\"}}"}}
[debug] [2023-09-18T16:09:00.707Z] [runtime-status] [280106] Functions runtime initialized. {"cwd":"/home/wesley/school/past-school/webDev/reptile-tracker/backend/functions","node_version":"16.15.1"} {"metadata":{"emulator":{"name":"functions"},"function":{"name":"us-central1-helloWorld"},"extension":{},"message":"[runtime-status] [280106] Functions runtime initialized. {\"cwd\":\"/home/wesley/school/past-school/webDev/reptile-tracker/backend/functions\",\"node_version\":\"16.15.1\"}"}}
[debug] [2023-09-18T16:09:00.707Z] [runtime-status] [280106] Listening to port: /tmp/fire_emu_b441c5f3ae8ad9da.sock {"metadata":{"emulator":{"name":"functions"},"function":{"name":"us-central1-helloWorld"},"extension":{},"message":"[runtime-status] [280106] Listening to port: /tmp/fire_emu_b441c5f3ae8ad9da.sock"}}
[debug] [2023-09-18T16:09:00.802Z] [worker-us-central1-helloWorld-c030f230-021d-4a9d-a771-d40421f74766]: IDLE {"metadata":{"emulator":{"name":"functions"},"function":{"name":"us-central1-helloWorld"},"extension":{},"message":"[worker-us-central1-helloWorld-c030f230-021d-4a9d-a771-d40421f74766]: IDLE"}}
[debug] [2023-09-18T16:09:00.803Z] [worker-pool] submitRequest(triggerId=us-central1-helloWorld) {"metadata":{"emulator":{"name":"functions"},"message":"[worker-pool] submitRequest(triggerId=us-central1-helloWorld)"}}
[info] i  functions: Beginning execution of "us-central1-helloWorld" {"metadata":{"emulator":{"name":"functions"},"function":{"name":"us-central1-helloWorld"},"extension":{},"message":"Beginning execution of \"us-central1-helloWorld\""}}
[debug] [2023-09-18T16:09:00.804Z] [worker-us-central1-helloWorld-c030f230-021d-4a9d-a771-d40421f74766]: BUSY {"metadata":{"emulator":{"name":"functions"},"function":{"name":"us-central1-helloWorld"},"extension":{},"message":"[worker-us-central1-helloWorld-c030f230-021d-4a9d-a771-d40421f74766]: BUSY"}}
[debug] [2023-09-18T16:09:09.038Z] [work-queue] {"queuedWork":["/server-project-3a101/us-central1/helloWorld-2023-09-18T16:09:09.037Z"],"queueLength":1,"runningWork":["/server-project-3a101/us-central1/helloWorld-2023-09-18T16:08:59.965Z"],"workRunningCount":1}
[debug] [2023-09-18T16:09:09.038Z] [work-queue] {"queuedWork":[],"queueLength":0,"runningWork":["/server-project-3a101/us-central1/helloWorld-2023-09-18T16:08:59.965Z","/server-project-3a101/us-central1/helloWorld-2023-09-18T16:09:09.037Z"],"workRunningCount":2}
[debug] [2023-09-18T16:09:09.038Z] Accepted request GET /server-project-3a101/us-central1/helloWorld --> us-central1-helloWorld
[debug] [2023-09-18T16:09:09.042Z] [functions] Runtime ready! Sending request! {"metadata":{"emulator":{"name":"functions"},"message":"[functions] Runtime ready! Sending request!"}}
[debug] [2023-09-18T16:09:09.042Z] [functions] Got req.url=/server-project-3a101/us-central1/helloWorld, mapping to path=/ {"metadata":{"emulator":{"name":"functions"},"message":"[functions] Got req.url=/server-project-3a101/us-central1/helloWorld, mapping to path=/"}}
[info] i  functions: Loaded environment variables from .env. 
[debug] [2023-09-18T16:09:09.053Z] [worker-pool] addWorker(us-central1-helloWorld) {"metadata":{"emulator":{"name":"functions"},"message":"[worker-pool] addWorker(us-central1-helloWorld)"}}
[debug] [2023-09-18T16:09:09.053Z] [worker-pool] Adding worker with key us-central1-helloWorld, total=2 {"metadata":{"emulator":{"name":"functions"},"message":"[worker-pool] Adding worker with key us-central1-helloWorld, total=2"}}
[debug] [2023-09-18T16:09:09.566Z] [runtime-status] [280120] Resolved module firebase-admin {"declared":true,"installed":true,"version":"11.10.1","resolution":"/home/wesley/school/past-school/webDev/reptile-tracker/backend/functions/node_modules/firebase-admin/lib/index.js"} {"metadata":{"emulator":{"name":"functions"},"function":{"name":"us-central1-helloWorld"},"extension":{},"message":"[runtime-status] [280120] Resolved module firebase-admin {\"declared\":true,\"installed\":true,\"version\":\"11.10.1\",\"resolution\":\"/home/wesley/school/past-school/webDev/reptile-tracker/backend/functions/node_modules/firebase-admin/lib/index.js\"}"}}
[debug] [2023-09-18T16:09:09.566Z] [runtime-status] [280120] Resolved module firebase-functions {"declared":true,"installed":true,"version":"4.4.1","resolution":"/home/wesley/school/past-school/webDev/reptile-tracker/backend/functions/node_modules/firebase-functions/lib/v1/index.js"} {"metadata":{"emulator":{"name":"functions"},"function":{"name":"us-central1-helloWorld"},"extension":{},"message":"[runtime-status] [280120] Resolved module firebase-functions {\"declared\":true,\"installed\":true,\"version\":\"4.4.1\",\"resolution\":\"/home/wesley/school/past-school/webDev/reptile-tracker/backend/functions/node_modules/firebase-functions/lib/v1/index.js\"}"}}
[debug] [2023-09-18T16:09:09.566Z] [runtime-status] [280120] Outgoing network have been stubbed. [{"name":"http","status":"mocked"},{"name":"http","status":"mocked"},{"name":"https","status":"mocked"},{"name":"https","status":"mocked"},{"name":"net","status":"mocked"}] {"metadata":{"emulator":{"name":"functions"},"function":{"name":"us-central1-helloWorld"},"extension":{},"message":"[runtime-status] [280120] Outgoing network have been stubbed. [{\"name\":\"http\",\"status\":\"mocked\"},{\"name\":\"http\",\"status\":\"mocked\"},{\"name\":\"https\",\"status\":\"mocked\"},{\"name\":\"https\",\"status\":\"mocked\"},{\"name\":\"net\",\"status\":\"mocked\"}]"}}
[debug] [2023-09-18T16:09:09.567Z] [runtime-status] [280120] Resolved module firebase-functions {"declared":true,"installed":true,"version":"4.4.1","resolution":"/home/wesley/school/past-school/webDev/reptile-tracker/backend/functions/node_modules/firebase-functions/lib/v1/index.js"} {"metadata":{"emulator":{"name":"functions"},"function":{"name":"us-central1-helloWorld"},"extension":{},"message":"[runtime-status] [280120] Resolved module firebase-functions {\"declared\":true,\"installed\":true,\"version\":\"4.4.1\",\"resolution\":\"/home/wesley/school/past-school/webDev/reptile-tracker/backend/functions/node_modules/firebase-functions/lib/v1/index.js\"}"}}
[debug] [2023-09-18T16:09:09.655Z] [runtime-status] [280120] Checked functions.config() {"config":{}} {"metadata":{"emulator":{"name":"functions"},"function":{"name":"us-central1-helloWorld"},"extension":{},"message":"[runtime-status] [280120] Checked functions.config() {\"config\":{}}"}}
[debug] [2023-09-18T16:09:09.656Z] [runtime-status] [280120] firebase-functions has been stubbed. {"functionsResolution":{"declared":true,"installed":true,"version":"4.4.1","resolution":"/home/wesley/school/past-school/webDev/reptile-tracker/backend/functions/node_modules/firebase-functions/lib/v1/index.js"}} {"metadata":{"emulator":{"name":"functions"},"function":{"name":"us-central1-helloWorld"},"extension":{},"message":"[runtime-status] [280120] firebase-functions has been stubbed. {\"functionsResolution\":{\"declared\":true,\"installed\":true,\"version\":\"4.4.1\",\"resolution\":\"/home/wesley/school/past-school/webDev/reptile-tracker/backend/functions/node_modules/firebase-functions/lib/v1/index.js\"}}"}}
[debug] [2023-09-18T16:09:09.656Z] [runtime-status] [280120] Resolved module firebase-functions {"declared":true,"installed":true,"version":"4.4.1","resolution":"/home/wesley/school/past-school/webDev/reptile-tracker/backend/functions/node_modules/firebase-functions/lib/v1/index.js"} {"metadata":{"emulator":{"name":"functions"},"function":{"name":"us-central1-helloWorld"},"extension":{},"message":"[runtime-status] [280120] Resolved module firebase-functions {\"declared\":true,\"installed\":true,\"version\":\"4.4.1\",\"resolution\":\"/home/wesley/school/past-school/webDev/reptile-tracker/backend/functions/node_modules/firebase-functions/lib/v1/index.js\"}"}}
[debug] [2023-09-18T16:09:09.657Z] [runtime-status] [280120] Resolved module firebase-admin {"declared":true,"installed":true,"version":"11.10.1","resolution":"/home/wesley/school/past-school/webDev/reptile-tracker/backend/functions/node_modules/firebase-admin/lib/index.js"} {"metadata":{"emulator":{"name":"functions"},"function":{"name":"us-central1-helloWorld"},"extension":{},"message":"[runtime-status] [280120] Resolved module firebase-admin {\"declared\":true,\"installed\":true,\"version\":\"11.10.1\",\"resolution\":\"/home/wesley/school/past-school/webDev/reptile-tracker/backend/functions/node_modules/firebase-admin/lib/index.js\"}"}}
[debug] [2023-09-18T16:09:09.658Z] [runtime-status] [280120] Resolved module firebase-functions {"declared":true,"installed":true,"version":"4.4.1","resolution":"/home/wesley/school/past-school/webDev/reptile-tracker/backend/functions/node_modules/firebase-functions/lib/v1/index.js"} {"metadata":{"emulator":{"name":"functions"},"function":{"name":"us-central1-helloWorld"},"extension":{},"message":"[runtime-status] [280120] Resolved module firebase-functions {\"declared\":true,\"installed\":true,\"version\":\"4.4.1\",\"resolution\":\"/home/wesley/school/past-school/webDev/reptile-tracker/backend/functions/node_modules/firebase-functions/lib/v1/index.js\"}"}}
[debug] [2023-09-18T16:09:09.658Z] [runtime-status] [280120] firebase-admin has been stubbed. {"adminResolution":{"declared":true,"installed":true,"version":"11.10.1","resolution":"/home/wesley/school/past-school/webDev/reptile-tracker/backend/functions/node_modules/firebase-admin/lib/index.js"}} {"metadata":{"emulator":{"name":"functions"},"function":{"name":"us-central1-helloWorld"},"extension":{},"message":"[runtime-status] [280120] firebase-admin has been stubbed. {\"adminResolution\":{\"declared\":true,\"installed\":true,\"version\":\"11.10.1\",\"resolution\":\"/home/wesley/school/past-school/webDev/reptile-tracker/backend/functions/node_modules/firebase-admin/lib/index.js\"}}"}}
[debug] [2023-09-18T16:09:09.789Z] [runtime-status] [280120] Functions runtime initialized. {"cwd":"/home/wesley/school/past-school/webDev/reptile-tracker/backend/functions","node_version":"16.15.1"} {"metadata":{"emulator":{"name":"functions"},"function":{"name":"us-central1-helloWorld"},"extension":{},"message":"[runtime-status] [280120] Functions runtime initialized. {\"cwd\":\"/home/wesley/school/past-school/webDev/reptile-tracker/backend/functions\",\"node_version\":\"16.15.1\"}"}}
[debug] [2023-09-18T16:09:09.789Z] [runtime-status] [280120] Listening to port: /tmp/fire_emu_99db02c3517f28c4.sock {"metadata":{"emulator":{"name":"functions"},"function":{"name":"us-central1-helloWorld"},"extension":{},"message":"[runtime-status] [280120] Listening to port: /tmp/fire_emu_99db02c3517f28c4.sock"}}
[debug] [2023-09-18T16:09:09.870Z] [worker-us-central1-helloWorld-51989180-d8a1-4ae9-ba66-bcab65c16d83]: IDLE {"metadata":{"emulator":{"name":"functions"},"function":{"name":"us-central1-helloWorld"},"extension":{},"message":"[worker-us-central1-helloWorld-51989180-d8a1-4ae9-ba66-bcab65c16d83]: IDLE"}}
[debug] [2023-09-18T16:09:09.870Z] [worker-pool] submitRequest(triggerId=us-central1-helloWorld) {"metadata":{"emulator":{"name":"functions"},"message":"[worker-pool] submitRequest(triggerId=us-central1-helloWorld)"}}
[info] i  functions: Beginning execution of "us-central1-helloWorld" {"metadata":{"emulator":{"name":"functions"},"function":{"name":"us-central1-helloWorld"},"extension":{},"message":"Beginning execution of \"us-central1-helloWorld\""}}
[debug] [2023-09-18T16:09:09.871Z] [worker-us-central1-helloWorld-51989180-d8a1-4ae9-ba66-bcab65c16d83]: BUSY {"metadata":{"emulator":{"name":"functions"},"function":{"name":"us-central1-helloWorld"},"extension":{},"message":"[worker-us-central1-helloWorld-51989180-d8a1-4ae9-ba66-bcab65c16d83]: BUSY"}}
[error] i  Your function timed out after ~60s. To configure this timeout, see
      https://firebase.google.com/docs/functions/manage-functions#set_timeout_and_memory_allocation. {"metadata":{"emulator":{"name":"functions"},"function":{"name":"us-central1-helloWorld"},"extension":{},"message":"Your function timed out after ~60s. To configure this timeout, see\n      https://firebase.google.com/docs/functions/manage-functions#set_timeout_and_memory_allocation."}}
[error] i  Request to function failed: Error: socket hang up {"metadata":{"emulator":{"name":"functions"},"function":{"name":"us-central1-helloWorld"},"extension":{},"message":"Request to function failed: Error: socket hang up"}}
[debug] [2023-09-18T16:10:01.441Z] [work-queue] {"queuedWork":[],"queueLength":0,"runningWork":["/server-project-3a101/us-central1/helloWorld-2023-09-18T16:09:09.037Z"],"workRunningCount":1}
[debug] [2023-09-18T16:10:01.453Z] [worker-us-central1-helloWorld-c030f230-021d-4a9d-a771-d40421f74766]: exited {"metadata":{"emulator":{"name":"functions"},"function":{"name":"us-central1-helloWorld"},"extension":{},"message":"[worker-us-central1-helloWorld-c030f230-021d-4a9d-a771-d40421f74766]: exited"}}
[debug] [2023-09-18T16:10:01.454Z] [worker-us-central1-helloWorld-c030f230-021d-4a9d-a771-d40421f74766]: FINISHED {"metadata":{"emulator":{"name":"functions"},"function":{"name":"us-central1-helloWorld"},"extension":{},"message":"[worker-us-central1-helloWorld-c030f230-021d-4a9d-a771-d40421f74766]: FINISHED"}}
[debug] [2023-09-18T16:10:03.551Z] File /home/wesley/school/past-school/webDev/reptile-tracker/backend/functions/src/index.ts changed, reloading triggers {"metadata":{"emulator":{"name":"functions"},"message":"File /home/wesley/school/past-school/webDev/reptile-tracker/backend/functions/src/index.ts changed, reloading triggers"}}
[debug] [2023-09-18T16:10:04.551Z] Validating nodejs source
[debug] [2023-09-18T16:10:04.935Z] > [functions] package.json contents: {
  "name": "functions",
  "scripts": {
    "build": "tsc",
    "build:watch": "tsc --watch",
    "serve": "npm run build && firebase emulators:start --only functions",
    "shell": "npm run build && firebase functions:shell",
    "start": "npm run shell",
    "deploy": "firebase deploy --only functions",
    "logs": "firebase functions:log"
  },
  "engines": {
    "node": "16"
  },
  "main": "lib/index.js",
  "dependencies": {
    "@prisma/client": "^5.3.1",
    "@types/bcrypt": "^5.0.0",
    "@types/cookie-parser": "^1.4.4",
    "bcrypt": "^5.1.1",
    "cookie-parser": "^1.4.6",
    "dotenv": "^16.3.1",
    "express": "^4.18.2",
    "firebase-admin": "^11.5.0",
    "firebase-functions": "^4.2.0",
    "mongodb": "^6.1.0"
  },
  "devDependencies": {
    "@types/express": "^4.17.16",
    "firebase-functions-test": "^3.0.0",
    "typescript": "^4.9.0"
  },
  "private": true
}
[debug] [2023-09-18T16:10:04.935Z] Building nodejs source
[debug] [2023-09-18T16:10:04.935Z] Failed to find version of module node: reached end of search path /home/wesley/school/past-school/webDev/reptile-tracker/backend/functions/node_modules
[info] ✔  functions: Using node@16 from host. 
[info] i  functions: Loaded environment variables from .env. 
[debug] [2023-09-18T16:10:04.936Z] Could not find functions.yaml. Must use http discovery
[debug] [2023-09-18T16:10:04.937Z] Found firebase-functions binary at '/home/wesley/school/past-school/webDev/reptile-tracker/backend/functions/node_modules/.bin/firebase-functions'
[debug] [2023-09-18T16:10:05.020Z] Serving at port 8740

[debug] [2023-09-18T16:10:05.211Z] Got response from /__/functions.yaml {"endpoints":{"helloWorld":{"platform":"gcfv1","availableMemoryMb":null,"timeoutSeconds":null,"minInstances":null,"maxInstances":null,"ingressSettings":null,"serviceAccountEmail":null,"vpc":null,"httpsTrigger":{},"entryPoint":"helloWorld"}},"specVersion":"v1alpha1","requiredAPIs":[]}
[debug] [2023-09-18T16:10:05.215Z] shutdown requested via /__/quitquitquit

[info] ✔  functions: Loaded functions definitions from source: helloWorld. {"metadata":{"emulator":{"name":"functions"},"message":"Loaded functions definitions from source: helloWorld."}}
[debug] [2023-09-18T16:10:05.221Z] [worker-pool] Marking BUSY worker to finish (us-central1-helloWorld) {"metadata":{"emulator":{"name":"functions"},"message":"[worker-pool] Marking BUSY worker to finish (us-central1-helloWorld)"}}
[debug] [2023-09-18T16:10:05.221Z] [worker-us-central1-helloWorld-51989180-d8a1-4ae9-ba66-bcab65c16d83]: FINISHING {"metadata":{"emulator":{"name":"functions"},"function":{"name":"us-central1-helloWorld"},"extension":{},"message":"[worker-us-central1-helloWorld-51989180-d8a1-4ae9-ba66-bcab65c16d83]: FINISHING"}}
[error] i  Your function timed out after ~60s. To configure this timeout, see
      https://firebase.google.com/docs/functions/manage-functions#set_timeout_and_memory_allocation. {"metadata":{"emulator":{"name":"functions"},"function":{"name":"us-central1-helloWorld"},"extension":{},"message":"Your function timed out after ~60s. To configure this timeout, see\n      https://firebase.google.com/docs/functions/manage-functions#set_timeout_and_memory_allocation."}}
[error] i  Request to function failed: Error: socket hang up {"metadata":{"emulator":{"name":"functions"},"function":{"name":"us-central1-helloWorld"},"extension":{},"message":"Request to function failed: Error: socket hang up"}}
[debug] [2023-09-18T16:10:10.488Z] [work-queue] {"queuedWork":[],"queueLength":0,"runningWork":[],"workRunningCount":0}
[debug] [2023-09-18T16:10:10.503Z] [worker-us-central1-helloWorld-51989180-d8a1-4ae9-ba66-bcab65c16d83]: exited {"metadata":{"emulator":{"name":"functions"},"function":{"name":"us-central1-helloWorld"},"extension":{},"message":"[worker-us-central1-helloWorld-51989180-d8a1-4ae9-ba66-bcab65c16d83]: exited"}}
[debug] [2023-09-18T16:10:10.503Z] [worker-us-central1-helloWorld-51989180-d8a1-4ae9-ba66-bcab65c16d83]: FINISHED {"metadata":{"emulator":{"name":"functions"},"function":{"name":"us-central1-helloWorld"},"extension":{},"message":"[worker-us-central1-helloWorld-51989180-d8a1-4ae9-ba66-bcab65c16d83]: FINISHED"}}
